yarn run v1.22.22
$ next dev
 ⚠ Port 3000 is in use, trying 3001 instead.
  ▲ Next.js 14.2.32
  - Local:        http://localhost:3001

 ✓ Starting...
 ✓ Ready in 881ms
 ○ Compiling / ...
 ✓ Compiled / in 5.6s (830 modules)
 ✓ Compiled in 325ms (830 modules)
 GET / 200 in 6348ms
 GET / 200 in 74ms
 GET / 200 in 85ms
 ○ Compiling /case-studies ...
 ✓ Compiled /case-studies in 866ms (840 modules)
 GET /case-studies 200 in 900ms
 GET /case-studies 200 in 14ms
 ✓ Compiled /testimonials in 293ms (846 modules)
 GET /testimonials 200 in 321ms
 GET /testimonials 200 in 12ms
 ○ Compiling /case-studies/[slug] ...
 ✓ Compiled /case-studies/[slug] in 966ms (856 modules)
Warning: A title element received an array with more than 1 element as children. In browsers title Elements can only have Text Nodes as children. If the children being rendered output more than a single text node in aggregate the browser will display markup and comments as text in the title and hydration will likely fail and fall back to client rendering
    at title
    at head
    at Head (webpack-internal:///./node_modules/next/dist/pages/_document.js:308:1)
    at html
    at Html (webpack-internal:///./node_modules/next/dist/pages/_document.js:782:132)
    at Document
 GET /case-studies/ai-healthcare-app 200 in 1505ms
Warning: A title element received an array with more than 1 element as children. In browsers title Elements can only have Text Nodes as children. If the children being rendered output more than a single text node in aggregate the browser will display markup and comments as text in the title and hydration will likely fail and fall back to client rendering
    at title
    at head
    at Head (webpack-internal:///./node_modules/next/dist/pages/_document.js:308:1)
    at html
    at Html (webpack-internal:///./node_modules/next/dist/pages/_document.js:782:132)
    at Document
 GET /case-studies/ai-healthcare-app 200 in 81ms
 GET / 200 in 35ms
 GET / 200 in 87ms
